c:\users\zacha\source\repos\musicreader\musicreader\debug\vc142.pdb
c:\users\zacha\source\repos\musicreader\musicreader\debug\vc142.idb
c:\users\zacha\source\repos\musicreader\musicreader\debug\note.obj
c:\users\zacha\source\repos\musicreader\musicreader\debug\musicmaker.obj
c:\users\zacha\source\repos\musicreader\musicreader\debug\main.obj
c:\users\zacha\source\repos\musicreader\musicreader\debug\melody.obj
c:\users\zacha\google drive\programs\c++\musicreader\musicreader\debug\vc142.pdb
c:\users\zacha\google drive\programs\c++\musicreader\musicreader\debug\vc142.idb
c:\users\zacha\google drive\programs\c++\musicreader\musicreader\debug\note.obj
c:\users\zacha\google drive\programs\c++\musicreader\musicreader\debug\musicmaker.obj
c:\users\zacha\google drive\programs\c++\musicreader\musicreader\debug\melody.obj
c:\users\zacha\google drive\programs\c++\musicreader\musicreader\debug\main.obj
c:\users\zacha\google drive\programs\c++\musicreader\debug\musicreader.exe
c:\users\zacha\google drive\programs\c++\musicreader\debug\musicreader.ilk
c:\users\zacha\google drive\programs\c++\musicreader\debug\musicreader.pdb
c:\users\zacha\google drive\programs\c++\musicreader\musicreader\debug\musicreader.tlog\cl.command.1.tlog
c:\users\zacha\google drive\programs\c++\musicreader\musicreader\debug\musicreader.tlog\cl.read.1.tlog
c:\users\zacha\google drive\programs\c++\musicreader\musicreader\debug\musicreader.tlog\cl.write.1.tlog
c:\users\zacha\google drive\programs\c++\musicreader\musicreader\debug\musicreader.tlog\link.command.1.tlog
c:\users\zacha\google drive\programs\c++\musicreader\musicreader\debug\musicreader.tlog\link.read.1.tlog
c:\users\zacha\google drive\programs\c++\musicreader\musicreader\debug\musicreader.tlog\link.write.1.tlog
